INFO 2025-09-09 11:34:13,984 autoreload 11 139684792904576 Watching for file changes with StatReloader
INFO 2025-09-09 11:34:24,965 autoreload 11 140577936931712 Watching for file changes with StatReloader
INFO 2025-09-10 12:18:11,415 autoreload 12 139982168632192 Watching for file changes with StatReloader
INFO 2025-09-10 12:26:04,578 autoreload 11 139826754423680 Watching for file changes with StatReloader
INFO 2025-09-11 13:25:49,240 autoreload 11 139895812705152 Watching for file changes with StatReloader
INFO 2025-09-11 13:30:21,067 autoreload 11 140495782853504 Watching for file changes with StatReloader
INFO 2025-09-12 01:04:33,763 autoreload 11 140691530898304 Watching for file changes with StatReloader
INFO 2025-09-12 01:13:37,110 basehttp 11 140691383514816 "GET /admin/ HTTP/1.1" 302 0
INFO 2025-09-12 01:13:38,319 basehttp 11 140691383514816 "GET /api/v1/ HTTP/1.1" 200 47
INFO 2025-09-12 01:14:00,890 basehttp 11 140691383514816 "POST /api/v1/auth/login/ HTTP/1.1" 200 766
WARNING 2025-09-12 01:14:59,127 log 11 140691383514816 Not Found: /api/v1/certificates/
WARNING 2025-09-12 01:14:59,129 basehttp 11 140691383514816 "GET /api/v1/certificates/ HTTP/1.1" 404 6273
WARNING 2025-09-12 01:14:59,499 log 11 140691383514816 Not Found: /api/v1/clients/
WARNING 2025-09-12 01:14:59,501 basehttp 11 140691383514816 "GET /api/v1/clients/ HTTP/1.1" 404 6258
INFO 2025-09-12 01:15:11,748 basehttp 11 140691383514816 "GET /api/certs/ HTTP/1.1" 200 119
INFO 2025-09-12 01:15:12,138 basehttp 11 140691383514816 "GET /api/clients/ HTTP/1.1" 200 98
INFO 2025-09-12 01:15:18,773 basehttp 11 140691383514816 "GET /api/certs/certificates/ HTTP/1.1" 200 840
WARNING 2025-09-12 01:17:52,468 log 11 140691383514816 Not Found: /
WARNING 2025-09-12 01:17:52,470 basehttp 11 140691383514816 "GET / HTTP/1.1" 404 2736
WARNING 2025-09-12 01:17:52,821 log 11 140691383514816 Not Found: /favicon.ico
WARNING 2025-09-12 01:17:52,822 basehttp 11 140691383514816 "GET /favicon.ico HTTP/1.1" 404 2787
INFO 2025-09-12 01:18:01,348 basehttp 11 140691383514816 "GET /admin/ HTTP/1.1" 302 0
INFO 2025-09-12 01:18:01,466 basehttp 11 140691383514816 "GET /admin/login/?next=/admin/ HTTP/1.1" 200 4214
INFO 2025-09-12 01:18:01,580 basehttp 11 140691347076800 "GET /static/admin/css/login.css HTTP/1.1" 200 958
INFO 2025-09-12 01:18:01,580 basehttp 11 140691363862208 "GET /static/admin/css/dark_mode.css HTTP/1.1" 200 2682
INFO 2025-09-12 01:18:01,583 basehttp 11 140691330291392 "GET /static/admin/js/theme.js HTTP/1.1" 200 1943
INFO 2025-09-12 01:18:01,584 basehttp 11 140691355469504 "GET /static/admin/css/nav_sidebar.css HTTP/1.1" 200 2810
INFO 2025-09-12 01:18:01,587 basehttp 11 140691383514816 "GET /static/admin/css/base.css HTTP/1.1" 200 21544
INFO 2025-09-12 01:18:01,588 basehttp 11 140691338684096 "GET /static/admin/css/responsive.css HTTP/1.1" 200 17905
INFO 2025-09-12 01:18:01,592 basehttp 11 140691347076800 "GET /static/admin/js/nav_sidebar.js HTTP/1.1" 200 3063
INFO 2025-09-12 01:18:27,709 basehttp 11 140690981910208 "OPTIONS /api/v1/auth/login/ HTTP/1.1" 200 0
INFO 2025-09-12 01:18:28,247 basehttp 11 140690981910208 "POST /api/v1/auth/login/ HTTP/1.1" 200 766
INFO 2025-09-12 01:18:28,445 basehttp 11 140690981910208 "OPTIONS /api/v1/analysis/dashboard_stats/ HTTP/1.1" 200 0
INFO 2025-09-12 01:18:28,465 basehttp 11 140690981910208 "OPTIONS /api/v1/analysis/dashboard_stats/ HTTP/1.1" 200 0
INFO 2025-09-12 01:18:28,466 basehttp 11 140690973517504 "OPTIONS /api/v1/certificates/?limit=5&ordering=-created_at HTTP/1.1" 200 0
INFO 2025-09-12 01:18:28,476 basehttp 11 140690965124800 "OPTIONS /api/v1/certificates/?limit=5&ordering=-created_at HTTP/1.1" 200 0
WARNING 2025-09-12 01:18:28,508 log 11 140690973517504 Not Found: /api/v1/certificates/
WARNING 2025-09-12 01:18:28,513 log 11 140690956732096 Not Found: /api/v1/analysis/dashboard_stats/
WARNING 2025-09-12 01:18:28,514 basehttp 11 140690973517504 "GET /api/v1/certificates/?limit=5&ordering=-created_at HTTP/1.1" 404 6306
WARNING 2025-09-12 01:18:28,516 basehttp 11 140690956732096 "GET /api/v1/analysis/dashboard_stats/ HTTP/1.1" 404 6309
WARNING 2025-09-12 01:18:28,545 log 11 140690981910208 Not Found: /api/v1/certificates/
WARNING 2025-09-12 01:18:28,552 log 11 140690973517504 Not Found: /api/v1/analysis/dashboard_stats/
WARNING 2025-09-12 01:18:28,553 basehttp 11 140690981910208 "GET /api/v1/certificates/?limit=5&ordering=-created_at HTTP/1.1" 404 6306
WARNING 2025-09-12 01:18:28,554 basehttp 11 140690973517504 "GET /api/v1/analysis/dashboard_stats/ HTTP/1.1" 404 6309
INFO 2025-09-12 01:18:35,655 basehttp 11 140690973517504 "OPTIONS /api/v1/certificates/ HTTP/1.1" 200 0
INFO 2025-09-12 01:18:35,658 basehttp 11 140690981910208 "OPTIONS /api/v1/certificates/ HTTP/1.1" 200 0
WARNING 2025-09-12 01:18:35,685 log 11 140690981910208 Not Found: /api/v1/certificates/
WARNING 2025-09-12 01:18:35,686 basehttp 11 140690981910208 "GET /api/v1/certificates/ HTTP/1.1" 404 6273
WARNING 2025-09-12 01:18:35,713 log 11 140690973517504 Not Found: /api/v1/certificates/
WARNING 2025-09-12 01:18:35,715 basehttp 11 140690973517504 "GET /api/v1/certificates/ HTTP/1.1" 404 6273
INFO 2025-09-12 01:18:47,675 basehttp 11 140690973517504 "OPTIONS /api/v1/certificates/?search=https:%2F%2Fwww.youtube.com%2F HTTP/1.1" 200 0
WARNING 2025-09-12 01:18:47,706 log 11 140690973517504 Not Found: /api/v1/certificates/
WARNING 2025-09-12 01:18:47,708 basehttp 11 140690973517504 "GET /api/v1/certificates/?search=https:%2F%2Fwww.youtube.com%2F HTTP/1.1" 404 6311
WARNING 2025-09-12 01:18:50,054 log 11 140690948339392 Not Found: /api/v1/clients/
WARNING 2025-09-12 01:18:50,056 basehttp 11 140690948339392 "GET /api/v1/clients/ HTTP/1.1" 404 6256
WARNING 2025-09-12 01:18:50,096 log 11 140690948339392 Not Found: /api/v1/clients/
WARNING 2025-09-12 01:18:50,098 basehttp 11 140690948339392 "GET /api/v1/clients/ HTTP/1.1" 404 6256
WARNING 2025-09-12 01:19:18,277 log 11 140690981910208 Not Found: /api/v1/certificates/
WARNING 2025-09-12 01:19:18,287 basehttp 11 140690981910208 "GET /api/v1/certificates/?limit=5&ordering=-created_at HTTP/1.1" 404 6306
WARNING 2025-09-12 01:19:18,295 log 11 140690973517504 Not Found: /api/v1/analysis/dashboard_stats/
WARNING 2025-09-12 01:19:18,319 basehttp 11 140690973517504 "GET /api/v1/analysis/dashboard_stats/ HTTP/1.1" 404 6309
WARNING 2025-09-12 01:19:18,353 log 11 140690956732096 Not Found: /api/v1/certificates/
WARNING 2025-09-12 01:19:18,362 basehttp 11 140690956732096 "GET /api/v1/certificates/?limit=5&ordering=-created_at HTTP/1.1" 404 6306
WARNING 2025-09-12 01:19:18,370 log 11 140690981910208 Not Found: /api/v1/analysis/dashboard_stats/
WARNING 2025-09-12 01:19:18,372 basehttp 11 140690981910208 "GET /api/v1/analysis/dashboard_stats/ HTTP/1.1" 404 6309
INFO 2025-09-12 01:19:30,709 basehttp 11 140690981910208 "OPTIONS /api/v1/reports/history/ HTTP/1.1" 200 0
INFO 2025-09-12 01:19:30,734 basehttp 11 140690981910208 "OPTIONS /api/v1/clients/ HTTP/1.1" 200 0
INFO 2025-09-12 01:19:30,735 basehttp 11 140690956732096 "OPTIONS /api/v1/clients/ HTTP/1.1" 200 0
INFO 2025-09-12 01:19:30,735 basehttp 11 140690973517504 "OPTIONS /api/v1/reports/history/ HTTP/1.1" 200 0
WARNING 2025-09-12 01:19:30,772 log 11 140690965124800 Not Found: /api/v1/reports/history/
WARNING 2025-09-12 01:19:30,777 log 11 140690973517504 Not Found: /api/v1/clients/
WARNING 2025-09-12 01:19:30,779 basehttp 11 140690965124800 "GET /api/v1/reports/history/ HTTP/1.1" 404 6282
WARNING 2025-09-12 01:19:30,780 basehttp 11 140690973517504 "GET /api/v1/clients/ HTTP/1.1" 404 6258
WARNING 2025-09-12 01:19:30,831 log 11 140690981910208 Not Found: /api/v1/clients/
WARNING 2025-09-12 01:19:30,838 log 11 140690956732096 Not Found: /api/v1/reports/history/
WARNING 2025-09-12 01:19:30,840 basehttp 11 140690981910208 "GET /api/v1/clients/ HTTP/1.1" 404 6258
WARNING 2025-09-12 01:19:30,843 basehttp 11 140690956732096 "GET /api/v1/reports/history/ HTTP/1.1" 404 6282
INFO 2025-09-12 01:19:32,422 basehttp 11 140690956732096 "OPTIONS /api/v1/analysis/ HTTP/1.1" 200 0
INFO 2025-09-12 01:19:32,424 basehttp 11 140690981910208 "OPTIONS /api/v1/analysis/ HTTP/1.1" 200 0
WARNING 2025-09-12 01:19:32,462 log 11 140690981910208 Not Found: /api/v1/analysis/
WARNING 2025-09-12 01:19:32,464 basehttp 11 140690981910208 "GET /api/v1/analysis/ HTTP/1.1" 404 6261
WARNING 2025-09-12 01:19:32,500 log 11 140690956732096 Not Found: /api/v1/analysis/
WARNING 2025-09-12 01:19:32,503 basehttp 11 140690956732096 "GET /api/v1/analysis/ HTTP/1.1" 404 6261
WARNING 2025-09-12 01:19:35,065 log 11 140690956732096 Not Found: /api/v1/certificates/
WARNING 2025-09-12 01:19:35,067 basehttp 11 140690956732096 "GET /api/v1/certificates/ HTTP/1.1" 404 6273
WARNING 2025-09-12 01:19:35,102 log 11 140690981910208 Not Found: /api/v1/certificates/
WARNING 2025-09-12 01:19:35,105 basehttp 11 140690981910208 "GET /api/v1/certificates/ HTTP/1.1" 404 6273
WARNING 2025-09-12 01:19:36,914 log 11 140690981910208 Not Found: /api/v1/analysis/dashboard_stats/
WARNING 2025-09-12 01:19:36,922 log 11 140690956732096 Not Found: /api/v1/certificates/
WARNING 2025-09-12 01:19:36,923 basehttp 11 140690981910208 "GET /api/v1/analysis/dashboard_stats/ HTTP/1.1" 404 6309
WARNING 2025-09-12 01:19:36,924 basehttp 11 140690956732096 "GET /api/v1/certificates/?limit=5&ordering=-created_at HTTP/1.1" 404 6306
WARNING 2025-09-12 01:19:36,966 log 11 140690973517504 Not Found: /api/v1/analysis/dashboard_stats/
WARNING 2025-09-12 01:19:36,972 log 11 140690981910208 Not Found: /api/v1/certificates/
WARNING 2025-09-12 01:19:36,976 basehttp 11 140690981910208 "GET /api/v1/certificates/?limit=5&ordering=-created_at HTTP/1.1" 404 6306
WARNING 2025-09-12 01:19:36,976 basehttp 11 140690973517504 "GET /api/v1/analysis/dashboard_stats/ HTTP/1.1" 404 6309
WARNING 2025-09-12 01:20:40,586 log 11 140690973517504 Not Found: /api/v1/clients/
WARNING 2025-09-12 01:20:40,591 log 11 140690981910208 Not Found: /api/v1/reports/history/
WARNING 2025-09-12 01:20:40,592 basehttp 11 140690973517504 "GET /api/v1/clients/ HTTP/1.1" 404 6258
WARNING 2025-09-12 01:20:40,593 basehttp 11 140690981910208 "GET /api/v1/reports/history/ HTTP/1.1" 404 6282
WARNING 2025-09-12 01:20:40,628 log 11 140690973517504 Not Found: /api/v1/reports/history/
WARNING 2025-09-12 01:20:40,632 log 11 140690956732096 Not Found: /api/v1/clients/
WARNING 2025-09-12 01:20:40,634 basehttp 11 140690973517504 "GET /api/v1/reports/history/ HTTP/1.1" 404 6282
WARNING 2025-09-12 01:20:40,636 basehttp 11 140690956732096 "GET /api/v1/clients/ HTTP/1.1" 404 6258
WARNING 2025-09-12 01:20:41,425 log 11 140690956732096 Not Found: /api/v1/analysis/
WARNING 2025-09-12 01:20:41,428 basehttp 11 140690956732096 "GET /api/v1/analysis/ HTTP/1.1" 404 6261
WARNING 2025-09-12 01:20:41,463 log 11 140690973517504 Not Found: /api/v1/analysis/
WARNING 2025-09-12 01:20:41,465 basehttp 11 140690973517504 "GET /api/v1/analysis/ HTTP/1.1" 404 6261
WARNING 2025-09-12 01:20:42,270 log 11 140690973517504 Not Found: /api/v1/certificates/
WARNING 2025-09-12 01:20:42,272 basehttp 11 140690973517504 "GET /api/v1/certificates/ HTTP/1.1" 404 6273
WARNING 2025-09-12 01:20:42,303 log 11 140690956732096 Not Found: /api/v1/certificates/
WARNING 2025-09-12 01:20:42,305 basehttp 11 140690956732096 "GET /api/v1/certificates/ HTTP/1.1" 404 6273
WARNING 2025-09-12 01:20:43,268 log 11 140690973517504 Not Found: /api/v1/certificates/
WARNING 2025-09-12 01:20:43,273 log 11 140690956732096 Not Found: /api/v1/analysis/dashboard_stats/
WARNING 2025-09-12 01:20:43,274 basehttp 11 140690973517504 "GET /api/v1/certificates/?limit=5&ordering=-created_at HTTP/1.1" 404 6306
WARNING 2025-09-12 01:20:43,276 basehttp 11 140690956732096 "GET /api/v1/analysis/dashboard_stats/ HTTP/1.1" 404 6309
WARNING 2025-09-12 01:20:43,324 log 11 140690973517504 Not Found: /api/v1/analysis/dashboard_stats/
WARNING 2025-09-12 01:20:43,329 log 11 140690981910208 Not Found: /api/v1/certificates/
WARNING 2025-09-12 01:20:43,333 basehttp 11 140690973517504 "GET /api/v1/analysis/dashboard_stats/ HTTP/1.1" 404 6309
WARNING 2025-09-12 01:20:43,334 basehttp 11 140690981910208 "GET /api/v1/certificates/?limit=5&ordering=-created_at HTTP/1.1" 404 6306
INFO 2025-09-12 10:47:03,643 basehttp 11 140690956732096 "OPTIONS /api/v1/analysis/dashboard_stats/ HTTP/1.1" 200 0
INFO 2025-09-12 10:47:03,646 basehttp 11 140690973517504 "OPTIONS /api/v1/certificates/?limit=5&ordering=-created_at HTTP/1.1" 200 0
INFO 2025-09-12 10:47:03,654 basehttp 11 140690981910208 "OPTIONS /api/v1/analysis/dashboard_stats/ HTTP/1.1" 200 0
INFO 2025-09-12 10:47:03,656 basehttp 11 140690965124800 "OPTIONS /api/v1/certificates/?limit=5&ordering=-created_at HTTP/1.1" 200 0
WARNING 2025-09-12 10:47:03,672 log 11 140690956732096 Not Found: /api/v1/certificates/
WARNING 2025-09-12 10:47:03,677 log 11 140690973517504 Not Found: /api/v1/analysis/dashboard_stats/
WARNING 2025-09-12 10:47:03,677 basehttp 11 140690956732096 "GET /api/v1/certificates/?limit=5&ordering=-created_at HTTP/1.1" 404 6306
WARNING 2025-09-12 10:47:03,680 basehttp 11 140690973517504 "GET /api/v1/analysis/dashboard_stats/ HTTP/1.1" 404 6309
WARNING 2025-09-12 10:47:03,694 log 11 140690965124800 Not Found: /api/v1/certificates/
WARNING 2025-09-12 10:47:03,697 log 11 140690956732096 Not Found: /api/v1/analysis/dashboard_stats/
WARNING 2025-09-12 10:47:03,698 basehttp 11 140690965124800 "GET /api/v1/certificates/?limit=5&ordering=-created_at HTTP/1.1" 404 6306
WARNING 2025-09-12 10:47:03,698 basehttp 11 140690956732096 "GET /api/v1/analysis/dashboard_stats/ HTTP/1.1" 404 6309
WARNING 2025-09-12 10:47:05,265 log 11 140690965124800 Not Found: /api/v1/analysis/dashboard_stats/
WARNING 2025-09-12 10:47:05,267 log 11 140690956732096 Not Found: /api/v1/certificates/
WARNING 2025-09-12 10:47:05,268 basehttp 11 140690965124800 "GET /api/v1/analysis/dashboard_stats/ HTTP/1.1" 404 6309
WARNING 2025-09-12 10:47:05,268 basehttp 11 140690956732096 "GET /api/v1/certificates/?limit=5&ordering=-created_at HTTP/1.1" 404 6306
WARNING 2025-09-12 10:47:05,297 log 11 140690973517504 Not Found: /api/v1/analysis/dashboard_stats/
WARNING 2025-09-12 10:47:05,300 log 11 140690956732096 Not Found: /api/v1/certificates/
WARNING 2025-09-12 10:47:05,301 basehttp 11 140690956732096 "GET /api/v1/certificates/?limit=5&ordering=-created_at HTTP/1.1" 404 6306
WARNING 2025-09-12 10:47:05,301 basehttp 11 140690973517504 "GET /api/v1/analysis/dashboard_stats/ HTTP/1.1" 404 6309
WARNING 2025-09-12 10:47:06,229 log 11 140690956732096 Not Found: /api/v1/analysis/dashboard_stats/
WARNING 2025-09-12 10:47:06,231 log 11 140690973517504 Not Found: /api/v1/certificates/
WARNING 2025-09-12 10:47:06,232 basehttp 11 140690956732096 "GET /api/v1/analysis/dashboard_stats/ HTTP/1.1" 404 6309
WARNING 2025-09-12 10:47:06,232 basehttp 11 140690973517504 "GET /api/v1/certificates/?limit=5&ordering=-created_at HTTP/1.1" 404 6306
WARNING 2025-09-12 10:47:06,245 log 11 140690965124800 Not Found: /api/v1/analysis/dashboard_stats/
WARNING 2025-09-12 10:47:06,247 log 11 140690981910208 Not Found: /api/v1/certificates/
WARNING 2025-09-12 10:47:06,248 basehttp 11 140690965124800 "GET /api/v1/analysis/dashboard_stats/ HTTP/1.1" 404 6309
WARNING 2025-09-12 10:47:06,249 basehttp 11 140690981910208 "GET /api/v1/certificates/?limit=5&ordering=-created_at HTTP/1.1" 404 6306
INFO 2025-09-12 10:47:11,463 basehttp 11 140690981910208 "OPTIONS /api/v1/analysis/ HTTP/1.1" 200 0
INFO 2025-09-12 10:47:11,463 basehttp 11 140690965124800 "OPTIONS /api/v1/analysis/ HTTP/1.1" 200 0
WARNING 2025-09-12 10:47:11,476 log 11 140690965124800 Not Found: /api/v1/analysis/
WARNING 2025-09-12 10:47:11,477 basehttp 11 140690965124800 "GET /api/v1/analysis/ HTTP/1.1" 404 6261
WARNING 2025-09-12 10:47:11,490 log 11 140690981910208 Not Found: /api/v1/analysis/
WARNING 2025-09-12 10:47:11,491 basehttp 11 140690981910208 "GET /api/v1/analysis/ HTTP/1.1" 404 6261
WARNING 2025-09-12 10:47:13,046 log 11 140690965124800 Not Found: /api/v1/certificates/
WARNING 2025-09-12 10:47:13,049 log 11 140690981910208 Not Found: /api/v1/analysis/dashboard_stats/
WARNING 2025-09-12 10:47:13,050 basehttp 11 140690981910208 "GET /api/v1/analysis/dashboard_stats/ HTTP/1.1" 404 6309
WARNING 2025-09-12 10:47:13,059 basehttp 11 140690965124800 "GET /api/v1/certificates/?limit=5&ordering=-created_at HTTP/1.1" 404 6306
WARNING 2025-09-12 10:47:13,071 log 11 140690956732096 Not Found: /api/v1/certificates/
WARNING 2025-09-12 10:47:13,074 log 11 140690973517504 Not Found: /api/v1/analysis/dashboard_stats/
WARNING 2025-09-12 10:47:13,076 basehttp 11 140690973517504 "GET /api/v1/analysis/dashboard_stats/ HTTP/1.1" 404 6309
WARNING 2025-09-12 10:47:13,076 basehttp 11 140690956732096 "GET /api/v1/certificates/?limit=5&ordering=-created_at HTTP/1.1" 404 6306
WARNING 2025-09-12 10:47:19,007 log 11 140690973517504 Not Found: /api/v1/analysis/dashboard_stats/
WARNING 2025-09-12 10:47:19,011 log 11 140690956732096 Not Found: /api/v1/certificates/
WARNING 2025-09-12 10:47:19,011 basehttp 11 140690973517504 "GET /api/v1/analysis/dashboard_stats/ HTTP/1.1" 404 6309
WARNING 2025-09-12 10:47:19,014 basehttp 11 140690956732096 "GET /api/v1/certificates/?limit=5&ordering=-created_at HTTP/1.1" 404 6306
WARNING 2025-09-12 10:47:19,031 log 11 140690965124800 Not Found: /api/v1/analysis/dashboard_stats/
WARNING 2025-09-12 10:47:19,035 log 11 140690973517504 Not Found: /api/v1/certificates/
WARNING 2025-09-12 10:47:19,036 basehttp 11 140690973517504 "GET /api/v1/certificates/?limit=5&ordering=-created_at HTTP/1.1" 404 6306
WARNING 2025-09-12 10:47:19,037 basehttp 11 140690965124800 "GET /api/v1/analysis/dashboard_stats/ HTTP/1.1" 404 6309
INFO 2025-09-12 10:47:38,095 basehttp 11 140690973517504 "OPTIONS /api/v1/auth/login/ HTTP/1.1" 200 0
INFO 2025-09-12 10:47:38,347 basehttp 11 140690973517504 "POST /api/v1/auth/login/ HTTP/1.1" 200 766
WARNING 2025-09-12 10:47:38,460 log 11 140690973517504 Not Found: /api/v1/analysis/dashboard_stats/
WARNING 2025-09-12 10:47:38,462 log 11 140690965124800 Not Found: /api/v1/certificates/
WARNING 2025-09-12 10:47:38,464 basehttp 11 140690973517504 "GET /api/v1/analysis/dashboard_stats/ HTTP/1.1" 404 6309
WARNING 2025-09-12 10:47:38,464 basehttp 11 140690965124800 "GET /api/v1/certificates/?limit=5&ordering=-created_at HTTP/1.1" 404 6306
WARNING 2025-09-12 10:47:38,484 log 11 140690956732096 Not Found: /api/v1/analysis/dashboard_stats/
WARNING 2025-09-12 10:47:38,488 log 11 140690973517504 Not Found: /api/v1/certificates/
WARNING 2025-09-12 10:47:38,489 basehttp 11 140690956732096 "GET /api/v1/analysis/dashboard_stats/ HTTP/1.1" 404 6309
WARNING 2025-09-12 10:47:38,489 basehttp 11 140690973517504 "GET /api/v1/certificates/?limit=5&ordering=-created_at HTTP/1.1" 404 6306
INFO 2025-09-12 10:55:14,657 basehttp 11 140690973517504 "OPTIONS /api/v1/clients/ HTTP/1.1" 200 0
INFO 2025-09-12 10:55:14,657 basehttp 11 140690956732096 "OPTIONS /api/v1/clients/ HTTP/1.1" 200 0
WARNING 2025-09-12 10:55:14,676 log 11 140690956732096 Not Found: /api/v1/clients/
WARNING 2025-09-12 10:55:14,677 basehttp 11 140690956732096 "GET /api/v1/clients/ HTTP/1.1" 404 6258
WARNING 2025-09-12 10:55:14,698 log 11 140690973517504 Not Found: /api/v1/clients/
WARNING 2025-09-12 10:55:14,699 basehttp 11 140690973517504 "GET /api/v1/clients/ HTTP/1.1" 404 6258
WARNING 2025-09-12 10:56:35,055 log 11 140690973517504 Not Found: /api/v1/clients/
WARNING 2025-09-12 10:56:35,056 basehttp 11 140690973517504 "GET /api/v1/clients/ HTTP/1.1" 404 6258
WARNING 2025-09-12 10:56:35,070 log 11 140690956732096 Not Found: /api/v1/clients/
WARNING 2025-09-12 10:56:35,071 basehttp 11 140690956732096 "GET /api/v1/clients/ HTTP/1.1" 404 6258
INFO 2025-09-12 10:56:37,088 basehttp 11 140690956732096 "OPTIONS /api/v1/v1/users/ HTTP/1.1" 200 0
INFO 2025-09-12 10:56:37,088 basehttp 11 140690973517504 "OPTIONS /api/v1/v1/users/ HTTP/1.1" 200 0
WARNING 2025-09-12 10:56:37,099 log 11 140690956732096 Not Found: /api/v1/v1/users/
WARNING 2025-09-12 10:56:37,100 basehttp 11 140690956732096 "GET /api/v1/v1/users/ HTTP/1.1" 404 6261
WARNING 2025-09-12 10:56:37,110 log 11 140690973517504 Not Found: /api/v1/v1/users/
WARNING 2025-09-12 10:56:37,110 basehttp 11 140690973517504 "GET /api/v1/v1/users/ HTTP/1.1" 404 6261
WARNING 2025-09-12 10:56:39,385 log 11 140690973517504 Not Found: /api/v1/clients/
WARNING 2025-09-12 10:56:39,386 basehttp 11 140690973517504 "GET /api/v1/clients/ HTTP/1.1" 404 6258
WARNING 2025-09-12 10:56:39,396 log 11 140690956732096 Not Found: /api/v1/clients/
WARNING 2025-09-12 10:56:39,397 basehttp 11 140690956732096 "GET /api/v1/clients/ HTTP/1.1" 404 6258
WARNING 2025-09-12 10:56:41,082 log 11 140690956732096 Not Found: /api/v1/v1/users/
WARNING 2025-09-12 10:56:41,082 basehttp 11 140690956732096 "GET /api/v1/v1/users/ HTTP/1.1" 404 6261
WARNING 2025-09-12 10:56:41,092 log 11 140690973517504 Not Found: /api/v1/v1/users/
WARNING 2025-09-12 10:56:41,093 basehttp 11 140690973517504 "GET /api/v1/v1/users/ HTTP/1.1" 404 6261
WARNING 2025-09-12 10:56:42,063 log 11 140690973517504 Not Found: /api/v1/clients/
WARNING 2025-09-12 10:56:42,064 basehttp 11 140690973517504 "GET /api/v1/clients/ HTTP/1.1" 404 6258
WARNING 2025-09-12 10:56:42,075 log 11 140690956732096 Not Found: /api/v1/clients/
WARNING 2025-09-12 10:56:42,076 basehttp 11 140690956732096 "GET /api/v1/clients/ HTTP/1.1" 404 6258
WARNING 2025-09-12 10:57:16,321 log 11 140690956732096 Not Found: /api/v1/v1/users/
WARNING 2025-09-12 10:57:16,323 basehttp 11 140690956732096 "GET /api/v1/v1/users/ HTTP/1.1" 404 6261
WARNING 2025-09-12 10:57:16,336 log 11 140690973517504 Not Found: /api/v1/v1/users/
WARNING 2025-09-12 10:57:16,338 basehttp 11 140690973517504 "GET /api/v1/v1/users/ HTTP/1.1" 404 6261
WARNING 2025-09-12 10:57:52,568 log 11 140690973517504 Not Found: /api/v1/v1/users/
WARNING 2025-09-12 10:57:52,569 basehttp 11 140690973517504 "POST /api/v1/v1/users/ HTTP/1.1" 404 6262
WARNING 2025-09-12 10:57:54,386 log 11 140690973517504 Not Found: /api/v1/v1/users/
WARNING 2025-09-12 10:57:54,387 basehttp 11 140690973517504 "POST /api/v1/v1/users/ HTTP/1.1" 404 6262
WARNING 2025-09-12 10:57:55,296 log 11 140690973517504 Not Found: /api/v1/v1/users/
WARNING 2025-09-12 10:57:55,296 basehttp 11 140690973517504 "POST /api/v1/v1/users/ HTTP/1.1" 404 6262
WARNING 2025-09-12 10:58:01,555 log 11 140690973517504 Not Found: /api/v1/v1/users/
WARNING 2025-09-12 10:58:01,556 basehttp 11 140690973517504 "POST /api/v1/v1/users/ HTTP/1.1" 404 6262
WARNING 2025-09-12 10:58:02,257 log 11 140690973517504 Not Found: /api/v1/v1/users/
WARNING 2025-09-12 10:58:02,257 basehttp 11 140690973517504 "POST /api/v1/v1/users/ HTTP/1.1" 404 6262
WARNING 2025-09-12 10:58:04,342 log 11 140690973517504 Not Found: /api/v1/v1/users/
WARNING 2025-09-12 10:58:04,342 basehttp 11 140690973517504 "GET /api/v1/v1/users/ HTTP/1.1" 404 6261
WARNING 2025-09-12 10:58:04,355 log 11 140690956732096 Not Found: /api/v1/v1/users/
WARNING 2025-09-12 10:58:04,355 basehttp 11 140690956732096 "GET /api/v1/v1/users/ HTTP/1.1" 404 6261
WARNING 2025-09-12 10:58:41,320 log 11 140690956732096 Not Found: /api/v1/clients/
WARNING 2025-09-12 10:58:41,321 basehttp 11 140690956732096 "GET /api/v1/clients/ HTTP/1.1" 404 6258
WARNING 2025-09-12 10:58:41,332 log 11 140690973517504 Not Found: /api/v1/clients/
WARNING 2025-09-12 10:58:41,333 basehttp 11 140690973517504 "GET /api/v1/clients/ HTTP/1.1" 404 6258
WARNING 2025-09-12 10:58:49,903 log 11 140690973517504 Not Found: /api/v1/clients/
WARNING 2025-09-12 10:58:49,904 basehttp 11 140690973517504 "POST /api/v1/clients/ HTTP/1.1" 404 6259
WARNING 2025-09-12 10:58:52,021 log 11 140690973517504 Not Found: /api/v1/clients/
WARNING 2025-09-12 10:58:52,022 basehttp 11 140690973517504 "POST /api/v1/clients/ HTTP/1.1" 404 6259
WARNING 2025-09-12 11:03:17,369 log 11 140690973517504 Not Found: /api/v1/clients/
WARNING 2025-09-12 11:03:17,370 basehttp 11 140690973517504 "GET /api/v1/clients/ HTTP/1.1" 404 6258
WARNING 2025-09-12 11:03:17,381 log 11 140690956732096 Not Found: /api/v1/clients/
WARNING 2025-09-12 11:03:17,382 basehttp 11 140690956732096 "GET /api/v1/clients/ HTTP/1.1" 404 6258
WARNING 2025-09-12 11:03:17,821 log 11 140690956732096 Not Found: /api/v1/clients/
WARNING 2025-09-12 11:03:17,822 basehttp 11 140690956732096 "GET /api/v1/clients/ HTTP/1.1" 404 6258
WARNING 2025-09-12 11:03:17,834 log 11 140690973517504 Not Found: /api/v1/clients/
WARNING 2025-09-12 11:03:17,835 basehttp 11 140690973517504 "GET /api/v1/clients/ HTTP/1.1" 404 6258
WARNING 2025-09-12 11:03:17,998 log 11 140690973517504 Not Found: /api/v1/clients/
WARNING 2025-09-12 11:03:17,999 basehttp 11 140690973517504 "GET /api/v1/clients/ HTTP/1.1" 404 6258
WARNING 2025-09-12 11:03:18,013 log 11 140690956732096 Not Found: /api/v1/clients/
WARNING 2025-09-12 11:03:18,013 basehttp 11 140690956732096 "GET /api/v1/clients/ HTTP/1.1" 404 6258
WARNING 2025-09-12 11:03:19,054 log 11 140690956732096 Not Found: /api/v1/v1/users/
WARNING 2025-09-12 11:03:19,054 basehttp 11 140690956732096 "GET /api/v1/v1/users/ HTTP/1.1" 404 6261
WARNING 2025-09-12 11:03:19,066 log 11 140690973517504 Not Found: /api/v1/v1/users/
WARNING 2025-09-12 11:03:19,067 basehttp 11 140690973517504 "GET /api/v1/v1/users/ HTTP/1.1" 404 6261
WARNING 2025-09-12 11:03:24,228 log 11 140690973517504 Not Found: /api/v1/clients/
WARNING 2025-09-12 11:03:24,228 basehttp 11 140690973517504 "GET /api/v1/clients/ HTTP/1.1" 404 6258
WARNING 2025-09-12 11:03:24,243 log 11 140690956732096 Not Found: /api/v1/clients/
WARNING 2025-09-12 11:03:24,244 basehttp 11 140690956732096 "GET /api/v1/clients/ HTTP/1.1" 404 6258
WARNING 2025-09-12 11:03:28,458 log 11 140690956732096 Not Found: /api/v1/clients/
WARNING 2025-09-12 11:03:28,458 basehttp 11 140690956732096 "POST /api/v1/clients/ HTTP/1.1" 404 6259
WARNING 2025-09-12 11:03:30,827 log 11 140690956732096 Not Found: /api/v1/clients/
WARNING 2025-09-12 11:03:30,828 basehttp 11 140690956732096 "GET /api/v1/clients/ HTTP/1.1" 404 6258
WARNING 2025-09-12 11:03:30,841 log 11 140690973517504 Not Found: /api/v1/clients/
WARNING 2025-09-12 11:03:30,842 basehttp 11 140690973517504 "GET /api/v1/clients/ HTTP/1.1" 404 6258
WARNING 2025-09-12 11:03:41,350 log 11 140690973517504 Not Found: /api/v1/v1/users/
WARNING 2025-09-12 11:03:41,351 basehttp 11 140690973517504 "GET /api/v1/v1/users/ HTTP/1.1" 404 6261
WARNING 2025-09-12 11:03:41,363 log 11 140690956732096 Not Found: /api/v1/v1/users/
WARNING 2025-09-12 11:03:41,364 basehttp 11 140690956732096 "GET /api/v1/v1/users/ HTTP/1.1" 404 6261
WARNING 2025-09-12 11:03:52,003 log 11 140690956732096 Not Found: /api/v1/v1/users/
WARNING 2025-09-12 11:03:52,004 basehttp 11 140690956732096 "POST /api/v1/v1/users/ HTTP/1.1" 404 6262
WARNING 2025-09-12 11:05:13,228 log 11 140690965124800 Unauthorized: /api/clients/
WARNING 2025-09-12 11:05:13,229 basehttp 11 140690965124800 "GET /api/clients/ HTTP/1.1" 401 183
INFO 2025-09-12 11:05:28,766 basehttp 11 140690965124800 "POST /api/v1/auth/login/ HTTP/1.1" 200 766
WARNING 2025-09-12 11:05:39,862 log 11 140690956732096 Not Found: /api/v1/clients/
WARNING 2025-09-12 11:05:39,863 basehttp 11 140690956732096 "GET /api/v1/clients/ HTTP/1.1" 404 6258
WARNING 2025-09-12 11:05:39,876 log 11 140690973517504 Not Found: /api/v1/clients/
WARNING 2025-09-12 11:05:39,877 basehttp 11 140690973517504 "GET /api/v1/clients/ HTTP/1.1" 404 6258
WARNING 2025-09-12 11:05:40,429 log 11 140690973517504 Not Found: /api/v1/v1/users/
WARNING 2025-09-12 11:05:40,430 basehttp 11 140690973517504 "GET /api/v1/v1/users/ HTTP/1.1" 404 6261
WARNING 2025-09-12 11:05:40,441 log 11 140690956732096 Not Found: /api/v1/v1/users/
WARNING 2025-09-12 11:05:40,442 basehttp 11 140690956732096 "GET /api/v1/v1/users/ HTTP/1.1" 404 6261
WARNING 2025-09-12 11:05:40,920 log 11 140690956732096 Not Found: /api/v1/clients/
WARNING 2025-09-12 11:05:40,921 basehttp 11 140690956732096 "GET /api/v1/clients/ HTTP/1.1" 404 6258
WARNING 2025-09-12 11:05:40,932 log 11 140690973517504 Not Found: /api/v1/clients/
WARNING 2025-09-12 11:05:40,932 basehttp 11 140690973517504 "GET /api/v1/clients/ HTTP/1.1" 404 6258
WARNING 2025-09-12 11:05:42,501 log 11 140690973517504 Not Found: /api/v1/v1/users/
WARNING 2025-09-12 11:05:42,502 basehttp 11 140690973517504 "GET /api/v1/v1/users/ HTTP/1.1" 404 6261
WARNING 2025-09-12 11:05:42,513 log 11 140690956732096 Not Found: /api/v1/v1/users/
WARNING 2025-09-12 11:05:42,514 basehttp 11 140690956732096 "GET /api/v1/v1/users/ HTTP/1.1" 404 6261
WARNING 2025-09-12 11:05:44,302 log 11 140690973517504 Not Found: /api/v1/certificates/
WARNING 2025-09-12 11:05:44,304 log 11 140690956732096 Not Found: /api/v1/analysis/dashboard_stats/
WARNING 2025-09-12 11:05:44,305 basehttp 11 140690973517504 "GET /api/v1/certificates/?limit=5&ordering=-created_at HTTP/1.1" 404 6306
WARNING 2025-09-12 11:05:44,305 basehttp 11 140690956732096 "GET /api/v1/analysis/dashboard_stats/ HTTP/1.1" 404 6309
WARNING 2025-09-12 11:05:44,320 log 11 140690965124800 Not Found: /api/v1/certificates/
WARNING 2025-09-12 11:05:44,323 log 11 140690973517504 Not Found: /api/v1/analysis/dashboard_stats/
WARNING 2025-09-12 11:05:44,324 basehttp 11 140690973517504 "GET /api/v1/analysis/dashboard_stats/ HTTP/1.1" 404 6309
WARNING 2025-09-12 11:05:44,324 basehttp 11 140690965124800 "GET /api/v1/certificates/?limit=5&ordering=-created_at HTTP/1.1" 404 6306
WARNING 2025-09-12 11:05:48,981 log 11 140690981910208 Unauthorized: /api/v1/users/
WARNING 2025-09-12 11:05:48,982 basehttp 11 140690981910208 "GET /api/v1/users/ HTTP/1.1" 401 5173
INFO 2025-09-12 11:05:49,029 basehttp 11 140691383514816 "GET /static/rest_framework/css/bootstrap-tweaks.css HTTP/1.1" 200 3426
INFO 2025-09-12 11:05:49,042 basehttp 11 140691363862208 "GET /static/rest_framework/css/prettify.css HTTP/1.1" 200 817
INFO 2025-09-12 11:05:49,043 basehttp 11 140691355469504 "GET /static/rest_framework/css/default.css HTTP/1.1" 200 1152
INFO 2025-09-12 11:05:49,044 basehttp 11 140691383514816 "GET /static/rest_framework/js/csrf.js HTTP/1.1" 200 1793
INFO 2025-09-12 11:05:49,049 basehttp 11 140691338684096 "GET /static/rest_framework/js/ajax-form.js HTTP/1.1" 200 3796
INFO 2025-09-12 11:05:49,055 basehttp 11 140691355469504 "GET /static/rest_framework/js/prettify-min.js HTTP/1.1" 200 13632
INFO 2025-09-12 11:05:49,056 basehttp 11 140691383514816 "GET /static/rest_framework/js/default.js HTTP/1.1" 200 1268
INFO 2025-09-12 11:05:49,057 basehttp 11 140691338684096 "GET /static/rest_framework/js/load-ajax-form.js HTTP/1.1" 200 59
INFO 2025-09-12 11:05:49,058 basehttp 11 140690981910208 "GET /static/rest_framework/css/bootstrap.min.css HTTP/1.1" 200 121457
INFO 2025-09-12 11:05:49,058 basehttp 11 140691363862208 "GET /static/rest_framework/js/bootstrap.min.js HTTP/1.1" 200 39680
INFO 2025-09-12 11:05:49,059 basehttp 11 140691347076800 "GET /static/rest_framework/js/jquery-3.7.1.min.js HTTP/1.1" 200 87533
INFO 2025-09-12 11:05:49,096 basehttp 11 140691347076800 "GET /static/rest_framework/img/grid.png HTTP/1.1" 200 1458
INFO 2025-09-12 11:05:51,488 basehttp 11 140691330291392 "GET /api/clients/ HTTP/1.1" 200 98
INFO 2025-09-12 11:05:51,639 basehttp 11 140691330291392 "GET /api/v1/users/ HTTP/1.1" 200 251
WARNING 2025-09-12 11:06:28,790 log 11 140690965124800 Not Found: /api/v1/certificates/
WARNING 2025-09-12 11:06:28,793 log 11 140690973517504 Not Found: /api/v1/analysis/dashboard_stats/
WARNING 2025-09-12 11:06:28,794 basehttp 11 140690973517504 "GET /api/v1/analysis/dashboard_stats/ HTTP/1.1" 404 6309
WARNING 2025-09-12 11:06:28,794 basehttp 11 140690965124800 "GET /api/v1/certificates/?limit=5&ordering=-created_at HTTP/1.1" 404 6306
WARNING 2025-09-12 11:06:28,808 log 11 140690956732096 Not Found: /api/v1/analysis/dashboard_stats/
WARNING 2025-09-12 11:06:28,810 log 11 140690973517504 Not Found: /api/v1/certificates/
WARNING 2025-09-12 11:06:28,811 basehttp 11 140690973517504 "GET /api/v1/certificates/?limit=5&ordering=-created_at HTTP/1.1" 404 6306
WARNING 2025-09-12 11:06:28,811 basehttp 11 140690956732096 "GET /api/v1/analysis/dashboard_stats/ HTTP/1.1" 404 6309
INFO 2025-09-12 11:06:31,475 basehttp 11 140690973517504 "OPTIONS /api/v1/reports/history/ HTTP/1.1" 200 0
INFO 2025-09-12 11:06:31,475 basehttp 11 140690956732096 "OPTIONS /api/v1/reports/history/ HTTP/1.1" 200 0
WARNING 2025-09-12 11:06:31,488 log 11 140690965124800 Not Found: /api/v1/clients/
WARNING 2025-09-12 11:06:31,490 log 11 140690956732096 Not Found: /api/v1/reports/history/
WARNING 2025-09-12 11:06:31,491 basehttp 11 140690956732096 "GET /api/v1/reports/history/ HTTP/1.1" 404 6282
WARNING 2025-09-12 11:06:31,491 basehttp 11 140690965124800 "GET /api/v1/clients/ HTTP/1.1" 404 6258
WARNING 2025-09-12 11:06:31,504 log 11 140690973517504 Not Found: /api/v1/clients/
WARNING 2025-09-12 11:06:31,507 log 11 140691330291392 Not Found: /api/v1/reports/history/
WARNING 2025-09-12 11:06:31,507 basehttp 11 140690973517504 "GET /api/v1/clients/ HTTP/1.1" 404 6258
WARNING 2025-09-12 11:06:31,508 basehttp 11 140691330291392 "GET /api/v1/reports/history/ HTTP/1.1" 404 6282
WARNING 2025-09-12 11:06:32,843 log 11 140691330291392 Not Found: /api/v1/v1/users/
WARNING 2025-09-12 11:06:32,843 basehttp 11 140691330291392 "GET /api/v1/v1/users/ HTTP/1.1" 404 6261
WARNING 2025-09-12 11:06:32,854 log 11 140690973517504 Not Found: /api/v1/v1/users/
WARNING 2025-09-12 11:06:32,855 basehttp 11 140690973517504 "GET /api/v1/v1/users/ HTTP/1.1" 404 6261
WARNING 2025-09-12 11:06:35,362 log 11 140690973517504 Not Found: /api/v1/analysis/dashboard_stats/
WARNING 2025-09-12 11:06:35,365 log 11 140691330291392 Not Found: /api/v1/certificates/
WARNING 2025-09-12 11:06:35,365 basehttp 11 140690973517504 "GET /api/v1/analysis/dashboard_stats/ HTTP/1.1" 404 6309
WARNING 2025-09-12 11:06:35,366 basehttp 11 140691330291392 "GET /api/v1/certificates/?limit=5&ordering=-created_at HTTP/1.1" 404 6306
WARNING 2025-09-12 11:06:35,379 log 11 140690956732096 Not Found: /api/v1/analysis/dashboard_stats/
WARNING 2025-09-12 11:06:35,381 log 11 140690973517504 Not Found: /api/v1/certificates/
WARNING 2025-09-12 11:06:35,382 basehttp 11 140690956732096 "GET /api/v1/analysis/dashboard_stats/ HTTP/1.1" 404 6309
WARNING 2025-09-12 11:06:35,382 basehttp 11 140690973517504 "GET /api/v1/certificates/?limit=5&ordering=-created_at HTTP/1.1" 404 6306
INFO 2025-09-12 11:06:44,382 basehttp 11 140690973517504 "POST /api/v1/auth/login/ HTTP/1.1" 200 766
WARNING 2025-09-12 11:06:44,442 log 11 140690973517504 Not Found: /api/v1/analysis/dashboard_stats/
WARNING 2025-09-12 11:06:44,444 log 11 140690956732096 Not Found: /api/v1/certificates/
WARNING 2025-09-12 11:06:44,445 basehttp 11 140690973517504 "GET /api/v1/analysis/dashboard_stats/ HTTP/1.1" 404 6309
WARNING 2025-09-12 11:06:44,446 basehttp 11 140690956732096 "GET /api/v1/certificates/?limit=5&ordering=-created_at HTTP/1.1" 404 6306
WARNING 2025-09-12 11:06:44,465 log 11 140690965124800 Not Found: /api/v1/certificates/
WARNING 2025-09-12 11:06:44,468 log 11 140691330291392 Not Found: /api/v1/analysis/dashboard_stats/
WARNING 2025-09-12 11:06:44,469 basehttp 11 140690965124800 "GET /api/v1/certificates/?limit=5&ordering=-created_at HTTP/1.1" 404 6306
WARNING 2025-09-12 11:06:44,470 basehttp 11 140691330291392 "GET /api/v1/analysis/dashboard_stats/ HTTP/1.1" 404 6309
WARNING 2025-09-12 11:06:50,655 log 11 140691330291392 Not Found: /api/v1/analysis/
WARNING 2025-09-12 11:06:50,656 basehttp 11 140691330291392 "GET /api/v1/analysis/ HTTP/1.1" 404 6261
WARNING 2025-09-12 11:06:50,670 log 11 140690965124800 Not Found: /api/v1/analysis/
WARNING 2025-09-12 11:06:50,671 basehttp 11 140690965124800 "GET /api/v1/analysis/ HTTP/1.1" 404 6261
WARNING 2025-09-12 11:06:52,261 log 11 140690965124800 Not Found: /api/v1/v1/users/
WARNING 2025-09-12 11:06:52,262 basehttp 11 140690965124800 "GET /api/v1/v1/users/ HTTP/1.1" 404 6261
WARNING 2025-09-12 11:06:52,275 log 11 140691330291392 Not Found: /api/v1/v1/users/
WARNING 2025-09-12 11:06:52,276 basehttp 11 140691330291392 "GET /api/v1/v1/users/ HTTP/1.1" 404 6261
WARNING 2025-09-12 11:06:53,081 log 11 140691330291392 Not Found: /api/v1/clients/
WARNING 2025-09-12 11:06:53,082 basehttp 11 140691330291392 "GET /api/v1/clients/ HTTP/1.1" 404 6258
WARNING 2025-09-12 11:06:53,096 log 11 140690965124800 Not Found: /api/v1/clients/
WARNING 2025-09-12 11:06:53,097 basehttp 11 140690965124800 "GET /api/v1/clients/ HTTP/1.1" 404 6258
WARNING 2025-09-12 11:07:01,178 log 11 140690965124800 Not Found: /api/v1/v1/users/
WARNING 2025-09-12 11:07:01,179 basehttp 11 140690965124800 "GET /api/v1/v1/users/ HTTP/1.1" 404 6261
WARNING 2025-09-12 11:07:01,202 log 11 140691330291392 Not Found: /api/v1/v1/users/
WARNING 2025-09-12 11:07:01,204 basehttp 11 140691330291392 "GET /api/v1/v1/users/ HTTP/1.1" 404 6261
WARNING 2025-09-12 11:07:03,181 log 11 140691330291392 Not Found: /api/v1/clients/
WARNING 2025-09-12 11:07:03,182 basehttp 11 140691330291392 "GET /api/v1/clients/ HTTP/1.1" 404 6258
WARNING 2025-09-12 11:07:03,199 log 11 140690965124800 Not Found: /api/v1/clients/
WARNING 2025-09-12 11:07:03,200 basehttp 11 140690965124800 "GET /api/v1/clients/ HTTP/1.1" 404 6258
WARNING 2025-09-12 11:08:11,188 log 11 140690965124800 Too Many Requests: /api/v1/auth/login/
WARNING 2025-09-12 11:08:11,189 basehttp 11 140690965124800 "POST /api/v1/auth/login/ HTTP/1.1" 429 111
WARNING 2025-09-12 11:08:13,970 log 11 140690965124800 Too Many Requests: /api/v1/auth/login/
WARNING 2025-09-12 11:08:13,971 basehttp 11 140690965124800 "POST /api/v1/auth/login/ HTTP/1.1" 429 111
INFO 2025-09-12 11:10:07,594 basehttp 11 140690965124800 "OPTIONS /api/v1/auth/login/ HTTP/1.1" 200 0
WARNING 2025-09-12 11:10:07,598 log 11 140690965124800 Too Many Requests: /api/v1/auth/login/
WARNING 2025-09-12 11:10:07,598 basehttp 11 140690965124800 "POST /api/v1/auth/login/ HTTP/1.1" 429 111
WARNING 2025-09-12 11:20:48,601 log 11 140690965124800 Too Many Requests: /api/v1/auth/login/
WARNING 2025-09-12 11:20:48,602 basehttp 11 140690965124800 "POST /api/v1/auth/login/ HTTP/1.1" 429 111
WARNING 2025-09-12 11:20:55,929 log 11 140690965124800 Too Many Requests: /api/v1/auth/login/
WARNING 2025-09-12 11:20:55,930 basehttp 11 140690965124800 "POST /api/v1/auth/login/ HTTP/1.1" 429 111
INFO 2025-09-12 11:22:18,264 autoreload 11 140691530898304 /app/config/settings.py changed, reloading.
INFO 2025-09-12 11:22:19,449 autoreload 98 140527968283520 Watching for file changes with StatReloader
INFO 2025-09-12 11:22:25,944 autoreload 98 140527968283520 /app/config/settings.py changed, reloading.
INFO 2025-09-12 11:22:26,729 autoreload 100 140626942856064 Watching for file changes with StatReloader
INFO 2025-09-12 11:22:55,451 autoreload 11 140149651565440 Watching for file changes with StatReloader
WARNING 2025-09-12 11:23:06,294 log 11 140149571364544 Too Many Requests: /api/v1/auth/login/
WARNING 2025-09-12 11:23:06,295 basehttp 11 140149571364544 "POST /api/v1/auth/login/ HTTP/1.1" 429 111
INFO 2025-09-12 11:23:34,176 autoreload 11 140149651565440 /app/config/settings.py changed, reloading.
INFO 2025-09-12 11:23:35,047 autoreload 14 140104975960960 Watching for file changes with StatReloader
INFO 2025-09-12 11:23:57,717 autoreload 11 139829681818496 Watching for file changes with StatReloader
WARNING 2025-09-12 11:24:00,247 log 11 139829601543872 Too Many Requests: /api/v1/auth/login/
WARNING 2025-09-12 11:24:00,248 basehttp 11 139829601543872 "POST /api/v1/auth/login/ HTTP/1.1" 429 111
INFO 2025-09-12 11:24:06,470 basehttp 11 139829601543872 "POST /api/v1/auth/login/ HTTP/1.1" 200 766
WARNING 2025-09-12 11:24:42,666 log 11 139829601543872 Unauthorized: /api/v1/auth/login/
WARNING 2025-09-12 11:24:42,666 basehttp 11 139829601543872 "POST /api/v1/auth/login/ HTTP/1.1" 401 35
WARNING 2025-09-12 11:24:51,371 log 11 139829601543872 Unauthorized: /api/v1/auth/login/
WARNING 2025-09-12 11:24:51,372 basehttp 11 139829601543872 "POST /api/v1/auth/login/ HTTP/1.1" 401 35
WARNING 2025-09-12 11:25:05,941 log 11 139829601543872 Unauthorized: /api/v1/auth/login/
WARNING 2025-09-12 11:25:05,942 basehttp 11 139829601543872 "POST /api/v1/auth/login/ HTTP/1.1" 401 35
WARNING 2025-09-12 11:25:43,776 log 11 139829601543872 Unauthorized: /api/v1/auth/login/
WARNING 2025-09-12 11:25:43,777 basehttp 11 139829601543872 "POST /api/v1/auth/login/ HTTP/1.1" 401 35
WARNING 2025-09-12 11:28:21,011 log 11 139829601543872 Unauthorized: /api/v1/auth/login/
WARNING 2025-09-12 11:28:21,012 basehttp 11 139829601543872 "POST /api/v1/auth/login/ HTTP/1.1" 401 35
WARNING 2025-09-12 11:28:28,640 log 11 139829601543872 Unauthorized: /api/v1/auth/login/
WARNING 2025-09-12 11:28:28,641 basehttp 11 139829601543872 "POST /api/v1/auth/login/ HTTP/1.1" 401 35
INFO 2025-09-12 11:28:34,893 basehttp 11 139829601543872 "POST /api/v1/auth/login/ HTTP/1.1" 200 766
INFO 2025-09-12 11:28:34,921 basehttp 11 139829601543872 "OPTIONS /api/v1/analysis/dashboard_stats/ HTTP/1.1" 200 0
INFO 2025-09-12 11:28:34,929 basehttp 11 139829582939840 "OPTIONS /api/v1/certificates/?limit=5&ordering=-created_at HTTP/1.1" 200 0
INFO 2025-09-12 11:28:34,930 basehttp 11 139829371205312 "OPTIONS /api/v1/analysis/dashboard_stats/ HTTP/1.1" 200 0
INFO 2025-09-12 11:28:34,930 basehttp 11 139829362812608 "OPTIONS /api/v1/certificates/?limit=5&ordering=-created_at HTTP/1.1" 200 0
WARNING 2025-09-12 11:28:34,968 log 11 139829371205312 Not Found: /api/v1/certificates/
WARNING 2025-09-12 11:28:34,970 log 11 139829362812608 Not Found: /api/v1/analysis/dashboard_stats/
WARNING 2025-09-12 11:28:34,971 basehttp 11 139829371205312 "GET /api/v1/certificates/?limit=5&ordering=-created_at HTTP/1.1" 404 6306
WARNING 2025-09-12 11:28:34,971 basehttp 11 139829362812608 "GET /api/v1/analysis/dashboard_stats/ HTTP/1.1" 404 6309
WARNING 2025-09-12 11:28:34,990 log 11 139829371205312 Not Found: /api/v1/analysis/dashboard_stats/
WARNING 2025-09-12 11:28:34,992 log 11 139829601543872 Not Found: /api/v1/certificates/
WARNING 2025-09-12 11:28:34,993 basehttp 11 139829371205312 "GET /api/v1/analysis/dashboard_stats/ HTTP/1.1" 404 6309
WARNING 2025-09-12 11:28:34,994 basehttp 11 139829601543872 "GET /api/v1/certificates/?limit=5&ordering=-created_at HTTP/1.1" 404 6306
INFO 2025-09-12 11:29:35,229 basehttp 11 139829354419904 "GET /api/analysis/ HTTP/1.1" 200 2
INFO 2025-09-12 11:29:35,437 basehttp 11 139829354419904 "GET /api/certs/certificates/ HTTP/1.1" 200 840
WARNING 2025-09-12 11:53:48,536 log 11 139829371205312 Not Found: /api/v1/analysis/dashboard_stats/
WARNING 2025-09-12 11:53:48,537 log 11 139829362812608 Not Found: /api/v1/certificates/
WARNING 2025-09-12 11:53:48,538 basehttp 11 139829371205312 "GET /api/v1/analysis/dashboard_stats/ HTTP/1.1" 404 6309
WARNING 2025-09-12 11:53:48,538 basehttp 11 139829362812608 "GET /api/v1/certificates/?limit=5&ordering=-created_at HTTP/1.1" 404 6306
WARNING 2025-09-12 11:53:48,557 log 11 139829582939840 Not Found: /api/v1/certificates/
WARNING 2025-09-12 11:53:48,559 log 11 139829362812608 Not Found: /api/v1/analysis/dashboard_stats/
WARNING 2025-09-12 11:53:48,560 basehttp 11 139829582939840 "GET /api/v1/certificates/?limit=5&ordering=-created_at HTTP/1.1" 404 6306
WARNING 2025-09-12 11:53:48,560 basehttp 11 139829362812608 "GET /api/v1/analysis/dashboard_stats/ HTTP/1.1" 404 6309
WARNING 2025-09-12 11:53:58,939 log 11 139829362812608 Not Found: /api/v1/analysis/dashboard_stats/
WARNING 2025-09-12 11:53:58,942 log 11 139829582939840 Not Found: /api/v1/certificates/
WARNING 2025-09-12 11:53:58,943 basehttp 11 139829362812608 "GET /api/v1/analysis/dashboard_stats/ HTTP/1.1" 404 6309
WARNING 2025-09-12 11:53:58,943 basehttp 11 139829582939840 "GET /api/v1/certificates/?limit=5&ordering=-created_at HTTP/1.1" 404 6306
WARNING 2025-09-12 11:53:58,963 log 11 139829371205312 Not Found: /api/v1/certificates/
WARNING 2025-09-12 11:53:58,965 log 11 139829601543872 Not Found: /api/v1/analysis/dashboard_stats/
WARNING 2025-09-12 11:53:58,967 basehttp 11 139829601543872 "GET /api/v1/analysis/dashboard_stats/ HTTP/1.1" 404 6309
WARNING 2025-09-12 11:53:58,967 basehttp 11 139829371205312 "GET /api/v1/certificates/?limit=5&ordering=-created_at HTTP/1.1" 404 6306
INFO 2025-09-12 12:01:37,001 basehttp 11 139829601543872 "OPTIONS /api/certs/certificates/?limit=5&ordering=-created_at HTTP/1.1" 200 0
INFO 2025-09-12 12:01:37,002 basehttp 11 139829582939840 "OPTIONS /api/certs/certificates/?limit=5&ordering=-created_at HTTP/1.1" 200 0
INFO 2025-09-12 12:01:37,028 basehttp 11 139829582939840 "GET /api/certs/certificates/?limit=5&ordering=-created_at HTTP/1.1" 200 840
INFO 2025-09-12 12:01:37,083 basehttp 11 139829601543872 "GET /api/certs/certificates/?limit=5&ordering=-created_at HTTP/1.1" 200 840
INFO 2025-09-12 12:01:39,178 basehttp 11 139829601543872 "OPTIONS /api/v1/users/ HTTP/1.1" 200 0
INFO 2025-09-12 12:01:39,182 basehttp 11 139829582939840 "OPTIONS /api/v1/users/ HTTP/1.1" 200 0
INFO 2025-09-12 12:01:39,195 basehttp 11 139829582939840 "GET /api/v1/users/ HTTP/1.1" 200 251
INFO 2025-09-12 12:01:39,249 basehttp 11 139829601543872 "GET /api/v1/users/ HTTP/1.1" 200 251
INFO 2025-09-12 12:01:40,261 basehttp 11 139829601543872 "OPTIONS /api/clients/ HTTP/1.1" 200 0
INFO 2025-09-12 12:01:40,261 basehttp 11 139829582939840 "OPTIONS /api/clients/ HTTP/1.1" 200 0
INFO 2025-09-12 12:01:40,273 basehttp 11 139829582939840 "GET /api/clients/ HTTP/1.1" 200 98
INFO 2025-09-12 12:01:40,328 basehttp 11 139829601543872 "GET /api/clients/ HTTP/1.1" 200 98
INFO 2025-09-12 12:01:41,781 basehttp 11 139829601543872 "GET /api/v1/users/ HTTP/1.1" 200 251
INFO 2025-09-12 12:01:41,792 basehttp 11 139829582939840 "GET /api/v1/users/ HTTP/1.1" 200 251
INFO 2025-09-12 12:01:46,913 basehttp 11 139829582939840 "GET /api/clients/ HTTP/1.1" 200 98
INFO 2025-09-12 12:01:46,921 basehttp 11 139829601543872 "GET /api/clients/ HTTP/1.1" 200 98
INFO 2025-09-12 12:01:55,456 basehttp 11 139829582939840 "OPTIONS /api/certs/certificates/ HTTP/1.1" 200 0
INFO 2025-09-12 12:01:55,457 basehttp 11 139829601543872 "OPTIONS /api/certs/certificates/ HTTP/1.1" 200 0
INFO 2025-09-12 12:01:55,469 basehttp 11 139829582939840 "GET /api/certs/certificates/ HTTP/1.1" 200 840
INFO 2025-09-12 12:01:55,521 basehttp 11 139829601543872 "GET /api/certs/certificates/ HTTP/1.1" 200 840
INFO 2025-09-12 12:02:03,387 basehttp 11 139829601543872 "OPTIONS /api/v1/certificates/1/check_vitality/ HTTP/1.1" 200 0
WARNING 2025-09-12 12:02:03,398 log 11 139829601543872 Not Found: /api/v1/certificates/1/check_vitality/
WARNING 2025-09-12 12:02:03,398 basehttp 11 139829601543872 "POST /api/v1/certificates/1/check_vitality/ HTTP/1.1" 404 6325
INFO 2025-09-12 12:02:19,035 basehttp 11 139829601543872 "OPTIONS /api/v1/analysis/run_analysis/ HTTP/1.1" 200 0
WARNING 2025-09-12 12:02:19,045 log 11 139829601543872 Not Found: /api/v1/analysis/run_analysis/
WARNING 2025-09-12 12:02:19,045 basehttp 11 139829601543872 "POST /api/v1/analysis/run_analysis/ HTTP/1.1" 404 6301
WARNING 2025-09-12 12:02:22,755 log 11 139829601543872 Not Found: /api/v1/certificates/1/check_vitality/
WARNING 2025-09-12 12:02:22,755 basehttp 11 139829601543872 "POST /api/v1/certificates/1/check_vitality/ HTTP/1.1" 404 6325
WARNING 2025-09-12 12:02:24,407 log 11 139829601543872 Not Found: /api/v1/certificates/1/check_vitality/
WARNING 2025-09-12 12:02:24,408 basehttp 11 139829601543872 "POST /api/v1/certificates/1/check_vitality/ HTTP/1.1" 404 6325
WARNING 2025-09-12 12:02:24,725 log 11 139829601543872 Not Found: /api/v1/certificates/1/check_vitality/
WARNING 2025-09-12 12:02:24,726 basehttp 11 139829601543872 "POST /api/v1/certificates/1/check_vitality/ HTTP/1.1" 404 6325
WARNING 2025-09-12 12:02:25,927 log 11 139829601543872 Not Found: /api/v1/analysis/run_analysis/
WARNING 2025-09-12 12:02:25,928 basehttp 11 139829601543872 "POST /api/v1/analysis/run_analysis/ HTTP/1.1" 404 6301
INFO 2025-09-12 12:11:44,124 basehttp 11 139829601543872 "GET /api/certs/certificates/ HTTP/1.1" 200 840
INFO 2025-09-12 12:11:44,140 basehttp 11 139829582939840 "GET /api/certs/certificates/ HTTP/1.1" 200 840
WARNING 2025-09-12 12:11:46,497 log 11 139829582939840 Not Found: /api/v1/certificates/1/check_vitality/
WARNING 2025-09-12 12:11:46,498 basehttp 11 139829582939840 "POST /api/v1/certificates/1/check_vitality/ HTTP/1.1" 404 6325
WARNING 2025-09-12 12:11:52,761 log 11 139829582939840 Not Found: /api/v1/analysis/run_analysis/
WARNING 2025-09-12 12:11:52,761 basehttp 11 139829582939840 "POST /api/v1/analysis/run_analysis/ HTTP/1.1" 404 6301
INFO 2025-09-12 12:12:17,063 basehttp 11 139829582939840 "OPTIONS /api/certs/certificates/?search=https:%2F%2Fi3g.cl%2F HTTP/1.1" 200 0
INFO 2025-09-12 12:12:17,081 basehttp 11 139829582939840 "GET /api/certs/certificates/?search=https:%2F%2Fi3g.cl%2F HTTP/1.1" 200 840
WARNING 2025-09-12 12:12:19,053 log 11 139829582939840 Not Found: /api/v1/analysis/run_analysis/
WARNING 2025-09-12 12:12:19,053 basehttp 11 139829582939840 "POST /api/v1/analysis/run_analysis/ HTTP/1.1" 404 6301
WARNING 2025-09-12 12:12:21,701 log 11 139829362812608 Not Found: /api/v1/clients/
WARNING 2025-09-12 12:12:21,702 basehttp 11 139829362812608 "GET /api/v1/clients/ HTTP/1.1" 404 6256
WARNING 2025-09-12 12:12:21,717 log 11 139829362812608 Not Found: /api/v1/clients/
WARNING 2025-09-12 12:12:21,718 basehttp 11 139829362812608 "GET /api/v1/clients/ HTTP/1.1" 404 6256
INFO 2025-09-12 12:12:31,795 basehttp 11 139829582939840 "GET /api/clients/ HTTP/1.1" 200 98
INFO 2025-09-12 12:12:31,805 basehttp 11 139829601543872 "GET /api/clients/ HTTP/1.1" 200 98
INFO 2025-09-12 12:12:37,188 basehttp 11 139829601543872 "POST /api/clients/ HTTP/1.1" 201 89
INFO 2025-09-12 12:12:37,197 basehttp 11 139829601543872 "GET /api/clients/ HTTP/1.1" 200 188
INFO 2025-09-12 12:12:39,837 basehttp 11 139829601543872 "GET /api/certs/certificates/ HTTP/1.1" 200 840
INFO 2025-09-12 12:12:39,852 basehttp 11 139829582939840 "GET /api/certs/certificates/ HTTP/1.1" 200 840
WARNING 2025-09-12 12:12:41,270 log 11 139829362812608 Not Found: /api/v1/clients/
WARNING 2025-09-12 12:12:41,271 basehttp 11 139829362812608 "GET /api/v1/clients/ HTTP/1.1" 404 6256
WARNING 2025-09-12 12:12:41,284 log 11 139829362812608 Not Found: /api/v1/clients/
WARNING 2025-09-12 12:12:41,285 basehttp 11 139829362812608 "GET /api/v1/clients/ HTTP/1.1" 404 6256
INFO 2025-09-12 12:13:12,592 basehttp 11 139829582939840 "GET /api/certs/certificates/ HTTP/1.1" 200 840
INFO 2025-09-12 12:13:12,607 basehttp 11 139829601543872 "GET /api/certs/certificates/ HTTP/1.1" 200 840
INFO 2025-09-12 12:13:13,033 basehttp 11 139829601543872 "GET /api/certs/certificates/ HTTP/1.1" 200 840
INFO 2025-09-12 12:13:13,044 basehttp 11 139829582939840 "GET /api/certs/certificates/ HTTP/1.1" 200 840
INFO 2025-09-12 12:13:13,417 basehttp 11 139829582939840 "GET /api/certs/certificates/ HTTP/1.1" 200 840
INFO 2025-09-12 12:13:13,430 basehttp 11 139829601543872 "GET /api/certs/certificates/ HTTP/1.1" 200 840
INFO 2025-09-12 12:13:14,109 basehttp 11 139829601543872 "GET /api/certs/certificates/ HTTP/1.1" 200 840
INFO 2025-09-12 12:13:14,121 basehttp 11 139829582939840 "GET /api/certs/certificates/ HTTP/1.1" 200 840
WARNING 2025-09-12 12:13:16,478 log 11 139829582939840 Not Found: /api/v1/certificates/1/check_vitality/
WARNING 2025-09-12 12:13:16,478 basehttp 11 139829582939840 "POST /api/v1/certificates/1/check_vitality/ HTTP/1.1" 404 6325
WARNING 2025-09-12 12:13:22,016 log 11 139829582939840 Not Found: /api/v1/analysis/run_analysis/
WARNING 2025-09-12 12:13:22,017 basehttp 11 139829582939840 "POST /api/v1/analysis/run_analysis/ HTTP/1.1" 404 6301
WARNING 2025-09-12 12:14:25,101 log 11 139829362812608 Unauthorized: /api/clients/
WARNING 2025-09-12 12:14:25,102 basehttp 11 139829362812608 "GET /api/clients/ HTTP/1.1" 401 107
INFO 2025-09-12 12:14:29,626 basehttp 11 139829362812608 "GET /api/clients/ HTTP/1.1" 200 188
WARNING 2025-09-12 12:17:48,702 log 11 139829582939840 Unauthorized: /api/analysis/run_analysis/
WARNING 2025-09-12 12:17:48,703 basehttp 11 139829582939840 "POST /api/analysis/run_analysis/ HTTP/1.1" 401 65
ERROR 2025-09-12 12:23:39,025 email_service 22 139828218203008 Error sending certificate down alert: 'Certificate' object has no attribute 'get_target_display'
ERROR 2025-09-12 12:23:39,026 tasks 22 139828218203008 Error sending down alert for certificate 2: 'Certificate' object has no attribute 'get_target_display'
ERROR 2025-09-12 12:23:39,027 email_service 22 139828218203008 Error sending certificate down alert: 'Certificate' object has no attribute 'get_target_display'
ERROR 2025-09-12 12:23:39,028 tasks 22 139828218203008 Error sending down alert for certificate 1: 'Certificate' object has no attribute 'get_target_display'
INFO 2025-09-12 12:23:39,028 tasks 22 139828218203008 Certificate down alerts check completed: {'alerts_sent': 0, 'errors': 4}
ERROR 2025-09-12 12:38:35,606 tasks 22 139828218203008 Error in vulnerability alerts check: Invalid field name(s) given in select_related: 'client'. Choices are: cliente
ERROR 2025-09-12 12:38:39,024 email_service 22 139828218203008 Error sending certificate down alert: 'Certificate' object has no attribute 'get_target_display'
ERROR 2025-09-12 12:38:39,024 tasks 22 139828218203008 Error sending down alert for certificate 2: 'Certificate' object has no attribute 'get_target_display'
ERROR 2025-09-12 12:38:39,025 email_service 22 139828218203008 Error sending certificate down alert: 'Certificate' object has no attribute 'get_target_display'
ERROR 2025-09-12 12:38:39,026 tasks 22 139828218203008 Error sending down alert for certificate 1: 'Certificate' object has no attribute 'get_target_display'
INFO 2025-09-12 12:38:39,026 tasks 22 139828218203008 Certificate down alerts check completed: {'alerts_sent': 0, 'errors': 4}
